[0.009s] Invoking command in '/home/seokhwan/ndt_ws/build/ndt_localization': CMAKE_PREFIX_PATH=${CMAKE_PREFIX_PATH}:/opt/ros/humble /usr/bin/cmake /home/seokhwan/ndt_ws/src/ndt_localization -DCMAKE_INSTALL_PREFIX=/home/seokhwan/ndt_ws/install/ndt_localization
[0.155s] -- The C compiler identification is GNU 11.4.0
[0.249s] -- The CXX compiler identification is GNU 11.4.0
[0.257s] -- Detecting C compiler ABI info
[0.306s] -- Detecting C compiler ABI info - done
[0.311s] -- Check for working C compiler: /usr/bin/cc - skipped
[0.311s] -- Detecting C compile features
[0.312s] -- Detecting C compile features - done
[0.315s] -- Detecting CXX compiler ABI info
[0.365s] -- Detecting CXX compiler ABI info - done
[0.369s] -- Check for working CXX compiler: /usr/bin/c++ - skipped
[0.370s] -- Detecting CXX compile features
[0.370s] -- Detecting CXX compile features - done
[0.373s] -- Found ament_cmake: 1.3.12 (/opt/ros/humble/share/ament_cmake/cmake)
[0.473s] -- Found Python3: /usr/bin/python3 (found version "3.10.12") found components: Interpreter 
[0.547s] -- Found rclcpp: 16.0.16 (/opt/ros/humble/share/rclcpp/cmake)
[0.585s] -- Found rosidl_generator_c: 3.1.7 (/opt/ros/humble/share/rosidl_generator_c/cmake)
[0.590s] -- Found rosidl_adapter: 3.1.7 (/opt/ros/humble/share/rosidl_adapter/cmake)
[0.598s] -- Found rosidl_generator_cpp: 3.1.7 (/opt/ros/humble/share/rosidl_generator_cpp/cmake)
[0.611s] -- Using all available rosidl_typesupport_c: rosidl_typesupport_fastrtps_c;rosidl_typesupport_introspection_c
[0.625s] -- Using all available rosidl_typesupport_cpp: rosidl_typesupport_fastrtps_cpp;rosidl_typesupport_introspection_cpp
[0.665s] -- Found rmw_implementation_cmake: 6.1.2 (/opt/ros/humble/share/rmw_implementation_cmake/cmake)
[0.668s] -- Found rmw_fastrtps_cpp: 6.2.9 (/opt/ros/humble/share/rmw_fastrtps_cpp/cmake)
[0.732s] -- Found OpenSSL: /usr/lib/x86_64-linux-gnu/libcrypto.so (found version "3.0.2")  
[0.749s] -- Found FastRTPS: /opt/ros/humble/include  
[0.772s] -- Using RMW implementation 'rmw_fastrtps_cpp' as default
[0.780s] -- Looking for pthread.h
[0.834s] -- Looking for pthread.h - found
[0.834s] -- Performing Test CMAKE_HAVE_LIBC_PTHREAD
[0.878s] -- Performing Test CMAKE_HAVE_LIBC_PTHREAD - Success
[0.879s] -- Found Threads: TRUE  
[0.927s] -- Found sensor_msgs: 4.9.0 (/opt/ros/humble/share/sensor_msgs/cmake)
[0.956s] -- Found pcl_conversions: 2.4.5 (/opt/ros/humble/share/pcl_conversions/cmake)
[0.988s] -- Checking for module 'eigen3'
[0.996s] --   Found eigen3, version 3.4.0
[1.014s] -- Found Eigen: /usr/include/eigen3 (Required is at least version "3.1") 
[1.014s] -- Eigen found (include: /usr/include/eigen3, version: 3.4.0)
[1.047s] -- Checking for module 'flann'
[1.055s] --   Found flann, version 1.9.1
[1.075s] -- Found FLANN: /usr/lib/x86_64-linux-gnu/libflann_cpp.so  
[1.075s] -- FLANN found (include: /usr/include, lib: /usr/lib/x86_64-linux-gnu/libflann_cpp.so)
[1.729s] -- Checking for module 'libusb-1.0'
[1.737s] --   Found libusb-1.0, version 1.0.25
[1.754s] -- Found libusb: /usr/lib/x86_64-linux-gnu/libusb-1.0.so  
[1.754s] -- OpenNI found (version: 1.5.4.0, include: /usr/include/ni, lib: /usr/lib/libOpenNI.so;libusb::libusb)
[1.783s] -- OpenNI2 found (version: 2.2.0.33, include: /usr/include/openni2, lib: /usr/lib/x86_64-linux-gnu/libOpenNI2.so;libusb::libusb)
[1.898s] -- Eigen found (include: /usr/include/eigen3, version: 3.4.0)
[1.903s] -- OpenNI found (version: 1.5.4.0, include: /usr/include/ni, lib: /usr/lib/libOpenNI.so;libusb::libusb)
[1.907s] -- OpenNI2 found (version: 2.2.0.33, include: /usr/include/openni2, lib: /usr/lib/x86_64-linux-gnu/libOpenNI2.so;libusb::libusb)
[2.013s] -- Found Qhull version 8.0.2
[2.116s] -- OpenNI found (version: 1.5.4.0, include: /usr/include/ni, lib: /usr/lib/libOpenNI.so;libusb::libusb)
[2.217s] -- Found PCL_COMMON: /usr/lib/x86_64-linux-gnu/libpcl_common.so  
[2.218s] -- Found PCL_KDTREE: /usr/lib/x86_64-linux-gnu/libpcl_kdtree.so  
[2.218s] -- Found PCL_OCTREE: /usr/lib/x86_64-linux-gnu/libpcl_octree.so  
[2.219s] -- Found PCL_SEARCH: /usr/lib/x86_64-linux-gnu/libpcl_search.so  
[2.219s] -- Found PCL_SAMPLE_CONSENSUS: /usr/lib/x86_64-linux-gnu/libpcl_sample_consensus.so  
[2.220s] -- Found PCL_FILTERS: /usr/lib/x86_64-linux-gnu/libpcl_filters.so  
[2.220s] -- Found PCL_2D: /usr/include/pcl-1.12  
[2.220s] -- Found PCL_GEOMETRY: /usr/include/pcl-1.12  
[2.221s] -- Found PCL_IO: /usr/lib/x86_64-linux-gnu/libpcl_io.so  
[2.222s] -- Found PCL_FEATURES: /usr/lib/x86_64-linux-gnu/libpcl_features.so  
[2.222s] -- Found PCL_ML: /usr/lib/x86_64-linux-gnu/libpcl_ml.so  
[2.223s] -- Found PCL_SEGMENTATION: /usr/lib/x86_64-linux-gnu/libpcl_segmentation.so  
[2.224s] -- Found PCL_VISUALIZATION: /usr/lib/x86_64-linux-gnu/libpcl_visualization.so  
[2.224s] -- Found PCL_SURFACE: /usr/lib/x86_64-linux-gnu/libpcl_surface.so  
[2.225s] -- Found PCL_REGISTRATION: /usr/lib/x86_64-linux-gnu/libpcl_registration.so  
[2.226s] -- Found PCL_KEYPOINTS: /usr/lib/x86_64-linux-gnu/libpcl_keypoints.so  
[2.226s] -- Found PCL_TRACKING: /usr/lib/x86_64-linux-gnu/libpcl_tracking.so  
[2.227s] -- Found PCL_RECOGNITION: /usr/lib/x86_64-linux-gnu/libpcl_recognition.so  
[2.227s] -- Found PCL_STEREO: /usr/lib/x86_64-linux-gnu/libpcl_stereo.so  
[2.228s] -- Found PCL_APPS: /usr/lib/x86_64-linux-gnu/libpcl_apps.so  
[2.229s] -- Found PCL_IN_HAND_SCANNER: /usr/include/pcl-1.12  
[2.229s] -- Found PCL_MODELER: /usr/include/pcl-1.12  
[2.230s] -- Found PCL_POINT_CLOUD_EDITOR: /usr/include/pcl-1.12  
[2.230s] -- Found PCL_OUTOFCORE: /usr/lib/x86_64-linux-gnu/libpcl_outofcore.so  
[2.231s] -- Found PCL_PEOPLE: /usr/lib/x86_64-linux-gnu/libpcl_people.so  
[2.232s] [33mCMake Warning (dev) at CMakeLists.txt:13 (find_package):
[2.232s]   Policy CMP0074 is not set: find_package uses <PackageName>_ROOT variables.
[2.232s]   Run "cmake --help-policy CMP0074" for policy details.  Use the cmake_policy
[2.232s]   command to set the policy and suppress this warning.
[2.232s] 
[2.232s]   CMake variable PCL_ROOT is set to:
[2.232s] 
[2.232s]     /usr
[2.233s] 
[2.233s]   For compatibility, CMake is ignoring the variable.
[2.233s] This warning is for project developers.  Use -Wno-dev to suppress it.
[2.233s] [0m
[2.306s] -- Configuring done
[2.379s] -- Generating done
[2.385s] -- Build files have been written to: /home/seokhwan/ndt_ws/build/ndt_localization
[2.395s] Invoked command in '/home/seokhwan/ndt_ws/build/ndt_localization' returned '0': CMAKE_PREFIX_PATH=${CMAKE_PREFIX_PATH}:/opt/ros/humble /usr/bin/cmake /home/seokhwan/ndt_ws/src/ndt_localization -DCMAKE_INSTALL_PREFIX=/home/seokhwan/ndt_ws/install/ndt_localization
[2.396s] Invoking command in '/home/seokhwan/ndt_ws/build/ndt_localization': CMAKE_PREFIX_PATH=${CMAKE_PREFIX_PATH}:/opt/ros/humble /usr/bin/cmake --build /home/seokhwan/ndt_ws/build/ndt_localization -- -j12 -l12
[2.427s] [ 50%] [32mBuilding CXX object CMakeFiles/ndt_localizer_node.dir/src/ndt_localizer_node.cpp.o[0m
[15.151s] [100%] [32m[1mLinking CXX executable ndt_localizer_node[0m
[16.235s] [100%] Built target ndt_localizer_node
[16.242s] Invoked command in '/home/seokhwan/ndt_ws/build/ndt_localization' returned '0': CMAKE_PREFIX_PATH=${CMAKE_PREFIX_PATH}:/opt/ros/humble /usr/bin/cmake --build /home/seokhwan/ndt_ws/build/ndt_localization -- -j12 -l12
[16.247s] Invoking command in '/home/seokhwan/ndt_ws/build/ndt_localization': CMAKE_PREFIX_PATH=${CMAKE_PREFIX_PATH}:/opt/ros/humble /usr/bin/cmake --install /home/seokhwan/ndt_ws/build/ndt_localization
[16.252s] -- Install configuration: ""
[16.252s] -- Installing: /home/seokhwan/ndt_ws/install/ndt_localization/lib/ndt_localization/ndt_localizer_node
[16.255s] -- Set runtime path of "/home/seokhwan/ndt_ws/install/ndt_localization/lib/ndt_localization/ndt_localizer_node" to ""
[16.255s] -- Installing: /home/seokhwan/ndt_ws/install/ndt_localization/share/ament_index/resource_index/package_run_dependencies/ndt_localization
[16.255s] -- Installing: /home/seokhwan/ndt_ws/install/ndt_localization/share/ament_index/resource_index/parent_prefix_path/ndt_localization
[16.255s] -- Installing: /home/seokhwan/ndt_ws/install/ndt_localization/share/ndt_localization/environment/ament_prefix_path.sh
[16.255s] -- Installing: /home/seokhwan/ndt_ws/install/ndt_localization/share/ndt_localization/environment/ament_prefix_path.dsv
[16.255s] -- Installing: /home/seokhwan/ndt_ws/install/ndt_localization/share/ndt_localization/environment/path.sh
[16.255s] -- Installing: /home/seokhwan/ndt_ws/install/ndt_localization/share/ndt_localization/environment/path.dsv
[16.255s] -- Installing: /home/seokhwan/ndt_ws/install/ndt_localization/share/ndt_localization/local_setup.bash
[16.255s] -- Installing: /home/seokhwan/ndt_ws/install/ndt_localization/share/ndt_localization/local_setup.sh
[16.255s] -- Installing: /home/seokhwan/ndt_ws/install/ndt_localization/share/ndt_localization/local_setup.zsh
[16.255s] -- Installing: /home/seokhwan/ndt_ws/install/ndt_localization/share/ndt_localization/local_setup.dsv
[16.255s] -- Installing: /home/seokhwan/ndt_ws/install/ndt_localization/share/ndt_localization/package.dsv
[16.255s] -- Installing: /home/seokhwan/ndt_ws/install/ndt_localization/share/ament_index/resource_index/packages/ndt_localization
[16.255s] -- Installing: /home/seokhwan/ndt_ws/install/ndt_localization/share/ndt_localization/cmake/ndt_localizationConfig.cmake
[16.255s] -- Installing: /home/seokhwan/ndt_ws/install/ndt_localization/share/ndt_localization/cmake/ndt_localizationConfig-version.cmake
[16.256s] -- Installing: /home/seokhwan/ndt_ws/install/ndt_localization/share/ndt_localization/package.xml
[16.256s] Invoked command in '/home/seokhwan/ndt_ws/build/ndt_localization' returned '0': CMAKE_PREFIX_PATH=${CMAKE_PREFIX_PATH}:/opt/ros/humble /usr/bin/cmake --install /home/seokhwan/ndt_ws/build/ndt_localization
