[0.007s] Invoking command in '/home/seokhwan/ndt_ws/build/ndt_localization': CMAKE_PREFIX_PATH=${CMAKE_PREFIX_PATH}:/opt/ros/humble /usr/bin/cmake --build /home/seokhwan/ndt_ws/build/ndt_localization -- -j12 -l12
[0.023s] -- Found ament_cmake: 1.3.12 (/opt/ros/humble/share/ament_cmake/cmake)
[0.105s] -- Found rclcpp: 16.0.16 (/opt/ros/humble/share/rclcpp/cmake)
[0.124s] -- Found rosidl_generator_c: 3.1.7 (/opt/ros/humble/share/rosidl_generator_c/cmake)
[0.125s] -- Found rosidl_adapter: 3.1.7 (/opt/ros/humble/share/rosidl_adapter/cmake)
[0.129s] -- Found rosidl_generator_cpp: 3.1.7 (/opt/ros/humble/share/rosidl_generator_cpp/cmake)
[0.135s] -- Using all available rosidl_typesupport_c: rosidl_typesupport_fastrtps_c;rosidl_typesupport_introspection_c
[0.145s] -- Using all available rosidl_typesupport_cpp: rosidl_typesupport_fastrtps_cpp;rosidl_typesupport_introspection_cpp
[0.167s] -- Found rmw_implementation_cmake: 6.1.2 (/opt/ros/humble/share/rmw_implementation_cmake/cmake)
[0.168s] -- Found rmw_fastrtps_cpp: 6.2.9 (/opt/ros/humble/share/rmw_fastrtps_cpp/cmake)
[0.235s] -- Using RMW implementation 'rmw_fastrtps_cpp' as default
[0.270s] -- Found sensor_msgs: 4.9.0 (/opt/ros/humble/share/sensor_msgs/cmake)
[0.290s] -- Found pcl_conversions: 2.4.5 (/opt/ros/humble/share/pcl_conversions/cmake)
[0.314s] -- Eigen found (include: /usr/include/eigen3, version: 3.4.0)
[0.334s] -- FLANN found (include: /usr/include, lib: /usr/lib/x86_64-linux-gnu/libflann_cpp.so)
[0.528s] -- OpenNI found (version: 1.5.4.0, include: /usr/include/ni, lib: /usr/lib/libOpenNI.so;libusb::libusb)
[0.532s] -- OpenNI2 found (version: 2.2.0.33, include: /usr/include/openni2, lib: /usr/lib/x86_64-linux-gnu/libOpenNI2.so;libusb::libusb)
[0.637s] -- Eigen found (include: /usr/include/eigen3, version: 3.4.0)
[0.642s] -- OpenNI found (version: 1.5.4.0, include: /usr/include/ni, lib: /usr/lib/libOpenNI.so;libusb::libusb)
[0.645s] -- OpenNI2 found (version: 2.2.0.33, include: /usr/include/openni2, lib: /usr/lib/x86_64-linux-gnu/libOpenNI2.so;libusb::libusb)
[0.744s] -- Found Qhull version 8.0.2
[0.848s] -- OpenNI found (version: 1.5.4.0, include: /usr/include/ni, lib: /usr/lib/libOpenNI.so;libusb::libusb)
[0.953s] [33mCMake Warning (dev) at CMakeLists.txt:13 (find_package):
[0.953s]   Policy CMP0074 is not set: find_package uses <PackageName>_ROOT variables.
[0.953s]   Run "cmake --help-policy CMP0074" for policy details.  Use the cmake_policy
[0.953s]   command to set the policy and suppress this warning.
[0.953s] 
[0.953s]   CMake variable PCL_ROOT is set to:
[0.953s] 
[0.953s]     /usr
[0.953s] 
[0.953s]   For compatibility, CMake is ignoring the variable.
[0.953s] This warning is for project developers.  Use -Wno-dev to suppress it.
[0.953s] [0m
[0.962s] [31mCMake Error at CMakeLists.txt:35 (install):
[0.962s]   install TARGETS given unknown argument "DIRECTORY".
[0.963s] 
[0.963s] [0m
[1.022s] -- Configuring incomplete, errors occurred!
[1.022s] See also "/home/seokhwan/ndt_ws/build/ndt_localization/CMakeFiles/CMakeOutput.log".
[1.032s] gmake: *** [Makefile:267: cmake_check_build_system] Error 1
[1.033s] Invoked command in '/home/seokhwan/ndt_ws/build/ndt_localization' returned '2': CMAKE_PREFIX_PATH=${CMAKE_PREFIX_PATH}:/opt/ros/humble /usr/bin/cmake --build /home/seokhwan/ndt_ws/build/ndt_localization -- -j12 -l12
