[0.006s] Invoking command in '/home/seokhwan/ndt_ws/build/ndt_localization': CMAKE_PREFIX_PATH=${CMAKE_PREFIX_PATH}:/opt/ros/humble /usr/bin/cmake --build /home/seokhwan/ndt_ws/build/ndt_localization -- -j12 -l12
[0.022s] -- Found ament_cmake: 1.3.12 (/opt/ros/humble/share/ament_cmake/cmake)
[0.105s] -- Found rclcpp: 16.0.16 (/opt/ros/humble/share/rclcpp/cmake)
[0.125s] -- Found rosidl_generator_c: 3.1.7 (/opt/ros/humble/share/rosidl_generator_c/cmake)
[0.127s] -- Found rosidl_adapter: 3.1.7 (/opt/ros/humble/share/rosidl_adapter/cmake)
[0.131s] -- Found rosidl_generator_cpp: 3.1.7 (/opt/ros/humble/share/rosidl_generator_cpp/cmake)
[0.137s] -- Using all available rosidl_typesupport_c: rosidl_typesupport_fastrtps_c;rosidl_typesupport_introspection_c
[0.147s] -- Using all available rosidl_typesupport_cpp: rosidl_typesupport_fastrtps_cpp;rosidl_typesupport_introspection_cpp
[0.169s] -- Found rmw_implementation_cmake: 6.1.2 (/opt/ros/humble/share/rmw_implementation_cmake/cmake)
[0.170s] -- Found rmw_fastrtps_cpp: 6.2.9 (/opt/ros/humble/share/rmw_fastrtps_cpp/cmake)
[0.237s] -- Using RMW implementation 'rmw_fastrtps_cpp' as default
[0.268s] -- Found sensor_msgs: 4.9.0 (/opt/ros/humble/share/sensor_msgs/cmake)
[0.287s] -- Found pcl_conversions: 2.4.5 (/opt/ros/humble/share/pcl_conversions/cmake)
[0.309s] -- Eigen found (include: /usr/include/eigen3, version: 3.4.0)
[0.329s] -- FLANN found (include: /usr/include, lib: /usr/lib/x86_64-linux-gnu/libflann_cpp.so)
[0.520s] -- OpenNI found (version: 1.5.4.0, include: /usr/include/ni, lib: /usr/lib/libOpenNI.so;libusb::libusb)
[0.524s] -- OpenNI2 found (version: 2.2.0.33, include: /usr/include/openni2, lib: /usr/lib/x86_64-linux-gnu/libOpenNI2.so;libusb::libusb)
[0.630s] -- Eigen found (include: /usr/include/eigen3, version: 3.4.0)
[0.633s] -- OpenNI found (version: 1.5.4.0, include: /usr/include/ni, lib: /usr/lib/libOpenNI.so;libusb::libusb)
[0.637s] -- OpenNI2 found (version: 2.2.0.33, include: /usr/include/openni2, lib: /usr/lib/x86_64-linux-gnu/libOpenNI2.so;libusb::libusb)
[0.737s] -- Found Qhull version 8.0.2
[0.840s] -- OpenNI found (version: 1.5.4.0, include: /usr/include/ni, lib: /usr/lib/libOpenNI.so;libusb::libusb)
[0.946s] [33mCMake Warning (dev) at CMakeLists.txt:13 (find_package):
[0.946s]   Policy CMP0074 is not set: find_package uses <PackageName>_ROOT variables.
[0.946s]   Run "cmake --help-policy CMP0074" for policy details.  Use the cmake_policy
[0.946s]   command to set the policy and suppress this warning.
[0.946s] 
[0.946s]   CMake variable PCL_ROOT is set to:
[0.946s] 
[0.946s]     /usr
[0.946s] 
[0.946s]   For compatibility, CMake is ignoring the variable.
[0.946s] This warning is for project developers.  Use -Wno-dev to suppress it.
[0.946s] [0m
[1.017s] -- Configuring done
[1.034s] -- Generating done
[1.040s] -- Build files have been written to: /home/seokhwan/ndt_ws/build/ndt_localization
[1.061s] [35m[1mConsolidate compiler generated dependencies of target ndt_localizer_node[0m
[1.076s] [100%] Built target ndt_localizer_node
[1.082s] Invoked command in '/home/seokhwan/ndt_ws/build/ndt_localization' returned '0': CMAKE_PREFIX_PATH=${CMAKE_PREFIX_PATH}:/opt/ros/humble /usr/bin/cmake --build /home/seokhwan/ndt_ws/build/ndt_localization -- -j12 -l12
[1.088s] Invoking command in '/home/seokhwan/ndt_ws/build/ndt_localization': CMAKE_PREFIX_PATH=${CMAKE_PREFIX_PATH}:/opt/ros/humble /usr/bin/cmake --install /home/seokhwan/ndt_ws/build/ndt_localization
[1.092s] -- Install configuration: ""
[1.093s] -- Up-to-date: /home/seokhwan/ndt_ws/install/ndt_localization/lib/ndt_localization/ndt_localizer_node
[1.093s] -- Installing: /home/seokhwan/ndt_ws/install/ndt_localization/share/ndt_localization/launch
[1.093s] -- Installing: /home/seokhwan/ndt_ws/install/ndt_localization/share/ndt_localization/launch/ndt_localizer.launch.py
[1.093s] -- Up-to-date: /home/seokhwan/ndt_ws/install/ndt_localization/share/ament_index/resource_index/package_run_dependencies/ndt_localization
[1.093s] -- Installing: /home/seokhwan/ndt_ws/install/ndt_localization/share/ament_index/resource_index/parent_prefix_path/ndt_localization
[1.093s] -- Up-to-date: /home/seokhwan/ndt_ws/install/ndt_localization/share/ndt_localization/environment/ament_prefix_path.sh
[1.093s] -- Installing: /home/seokhwan/ndt_ws/install/ndt_localization/share/ndt_localization/environment/ament_prefix_path.dsv
[1.093s] -- Up-to-date: /home/seokhwan/ndt_ws/install/ndt_localization/share/ndt_localization/environment/path.sh
[1.093s] -- Installing: /home/seokhwan/ndt_ws/install/ndt_localization/share/ndt_localization/environment/path.dsv
[1.093s] -- Up-to-date: /home/seokhwan/ndt_ws/install/ndt_localization/share/ndt_localization/local_setup.bash
[1.093s] -- Up-to-date: /home/seokhwan/ndt_ws/install/ndt_localization/share/ndt_localization/local_setup.sh
[1.093s] -- Up-to-date: /home/seokhwan/ndt_ws/install/ndt_localization/share/ndt_localization/local_setup.zsh
[1.093s] -- Installing: /home/seokhwan/ndt_ws/install/ndt_localization/share/ndt_localization/local_setup.dsv
[1.094s] -- Installing: /home/seokhwan/ndt_ws/install/ndt_localization/share/ndt_localization/package.dsv
[1.094s] -- Up-to-date: /home/seokhwan/ndt_ws/install/ndt_localization/share/ament_index/resource_index/packages/ndt_localization
[1.094s] -- Up-to-date: /home/seokhwan/ndt_ws/install/ndt_localization/share/ndt_localization/cmake/ndt_localizationConfig.cmake
[1.094s] -- Up-to-date: /home/seokhwan/ndt_ws/install/ndt_localization/share/ndt_localization/cmake/ndt_localizationConfig-version.cmake
[1.094s] -- Up-to-date: /home/seokhwan/ndt_ws/install/ndt_localization/share/ndt_localization/package.xml
[1.095s] Invoked command in '/home/seokhwan/ndt_ws/build/ndt_localization' returned '0': CMAKE_PREFIX_PATH=${CMAKE_PREFIX_PATH}:/opt/ros/humble /usr/bin/cmake --install /home/seokhwan/ndt_ws/build/ndt_localization
