[0.007s] Invoking command in '/home/seokhwan/ndt_ws/build/ndt_localization': CMAKE_PREFIX_PATH=${CMAKE_PREFIX_PATH}:/opt/ros/humble /usr/bin/cmake --build /home/seokhwan/ndt_ws/build/ndt_localization -- -j12 -l12
[0.032s] [35m[1mConsolidate compiler generated dependencies of target ndt_localizer_node[0m
[0.047s] [100%] Built target ndt_localizer_node
[0.054s] Invoked command in '/home/seokhwan/ndt_ws/build/ndt_localization' returned '0': CMAKE_PREFIX_PATH=${CMAKE_PREFIX_PATH}:/opt/ros/humble /usr/bin/cmake --build /home/seokhwan/ndt_ws/build/ndt_localization -- -j12 -l12
[0.059s] Invoking command in '/home/seokhwan/ndt_ws/build/ndt_localization': CMAKE_PREFIX_PATH=${CMAKE_PREFIX_PATH}:/opt/ros/humble /usr/bin/cmake --install /home/seokhwan/ndt_ws/build/ndt_localization
[0.064s] -- Install configuration: ""
[0.064s] -- Up-to-date: /home/seokhwan/ndt_ws/install/ndt_localization/lib/ndt_localization/ndt_localizer_node
[0.064s] -- Up-to-date: /home/seokhwan/ndt_ws/install/ndt_localization/share/ament_index/resource_index/package_run_dependencies/ndt_localization
[0.064s] -- Up-to-date: /home/seokhwan/ndt_ws/install/ndt_localization/share/ament_index/resource_index/parent_prefix_path/ndt_localization
[0.064s] -- Up-to-date: /home/seokhwan/ndt_ws/install/ndt_localization/share/ndt_localization/environment/ament_prefix_path.sh
[0.064s] -- Up-to-date: /home/seokhwan/ndt_ws/install/ndt_localization/share/ndt_localization/environment/ament_prefix_path.dsv
[0.064s] -- Up-to-date: /home/seokhwan/ndt_ws/install/ndt_localization/share/ndt_localization/environment/path.sh
[0.064s] -- Up-to-date: /home/seokhwan/ndt_ws/install/ndt_localization/share/ndt_localization/environment/path.dsv
[0.064s] -- Up-to-date: /home/seokhwan/ndt_ws/install/ndt_localization/share/ndt_localization/local_setup.bash
[0.064s] -- Up-to-date: /home/seokhwan/ndt_ws/install/ndt_localization/share/ndt_localization/local_setup.sh
[0.064s] -- Up-to-date: /home/seokhwan/ndt_ws/install/ndt_localization/share/ndt_localization/local_setup.zsh
[0.064s] -- Up-to-date: /home/seokhwan/ndt_ws/install/ndt_localization/share/ndt_localization/local_setup.dsv
[0.064s] -- Installing: /home/seokhwan/ndt_ws/install/ndt_localization/share/ndt_localization/package.dsv
[0.064s] -- Up-to-date: /home/seokhwan/ndt_ws/install/ndt_localization/share/ament_index/resource_index/packages/ndt_localization
[0.064s] -- Up-to-date: /home/seokhwan/ndt_ws/install/ndt_localization/share/ndt_localization/cmake/ndt_localizationConfig.cmake
[0.064s] -- Up-to-date: /home/seokhwan/ndt_ws/install/ndt_localization/share/ndt_localization/cmake/ndt_localizationConfig-version.cmake
[0.064s] -- Up-to-date: /home/seokhwan/ndt_ws/install/ndt_localization/share/ndt_localization/package.xml
[0.065s] Invoked command in '/home/seokhwan/ndt_ws/build/ndt_localization' returned '0': CMAKE_PREFIX_PATH=${CMAKE_PREFIX_PATH}:/opt/ros/humble /usr/bin/cmake --install /home/seokhwan/ndt_ws/build/ndt_localization
