[ 50%] [32mBuilding CXX object CMakeFiles/ndt_localizer_node.dir/src/ndt_localizer_node.cpp.o[0m
[100%] [32m[1mLinking CXX executable ndt_localizer_node[0m
[100%] Built target ndt_localizer_node
-- Install configuration: ""
-- Installing: /home/seokhwan/ndt_ws/install/ndt_localization/lib/ndt_localization/ndt_localizer_node
-- Set runtime path of "/home/seokhwan/ndt_ws/install/ndt_localization/lib/ndt_localization/ndt_localizer_node" to ""
-- Up-to-date: /home/seokhwan/ndt_ws/install/ndt_localization/share/ndt_localization/launch
-- Up-to-date: /home/seokhwan/ndt_ws/install/ndt_localization/share/ndt_localization/launch/ndt_localizer.launch.py
-- Up-to-date: /home/seokhwan/ndt_ws/install/ndt_localization/share/ament_index/resource_index/package_run_dependencies/ndt_localization
-- Up-to-date: /home/seokhwan/ndt_ws/install/ndt_localization/share/ament_index/resource_index/parent_prefix_path/ndt_localization
-- Up-to-date: /home/seokhwan/ndt_ws/install/ndt_localization/share/ndt_localization/environment/ament_prefix_path.sh
-- Up-to-date: /home/seokhwan/ndt_ws/install/ndt_localization/share/ndt_localization/environment/ament_prefix_path.dsv
-- Up-to-date: /home/seokhwan/ndt_ws/install/ndt_localization/share/ndt_localization/environment/path.sh
-- Up-to-date: /home/seokhwan/ndt_ws/install/ndt_localization/share/ndt_localization/environment/path.dsv
-- Up-to-date: /home/seokhwan/ndt_ws/install/ndt_localization/share/ndt_localization/local_setup.bash
-- Up-to-date: /home/seokhwan/ndt_ws/install/ndt_localization/share/ndt_localization/local_setup.sh
-- Up-to-date: /home/seokhwan/ndt_ws/install/ndt_localization/share/ndt_localization/local_setup.zsh
-- Up-to-date: /home/seokhwan/ndt_ws/install/ndt_localization/share/ndt_localization/local_setup.dsv
-- Installing: /home/seokhwan/ndt_ws/install/ndt_localization/share/ndt_localization/package.dsv
-- Up-to-date: /home/seokhwan/ndt_ws/install/ndt_localization/share/ament_index/resource_index/packages/ndt_localization
-- Up-to-date: /home/seokhwan/ndt_ws/install/ndt_localization/share/ndt_localization/cmake/ndt_localizationConfig.cmake
-- Up-to-date: /home/seokhwan/ndt_ws/install/ndt_localization/share/ndt_localization/cmake/ndt_localizationConfig-version.cmake
-- Up-to-date: /home/seokhwan/ndt_ws/install/ndt_localization/share/ndt_localization/package.xml
