[0.065s] DEBUG:colcon:Command line arguments: ['/usr/bin/colcon', 'build']
[0.065s] DEBUG:colcon:Parsed command line arguments: Namespace(log_base=None, log_level=None, verb_name='build', build_base='build', install_base='install', merge_install=False, symlink_install=False, test_result_base=None, continue_on_error=False, executor='parallel', parallel_workers=12, event_handlers=None, ignore_user_meta=False, metas=['./colcon.meta'], base_paths=['.'], packages_ignore=None, packages_ignore_regex=None, paths=None, packages_up_to=None, packages_up_to_regex=None, packages_above=None, packages_above_and_dependencies=None, packages_above_depth=None, packages_select_by_dep=None, packages_skip_by_dep=None, packages_skip_up_to=None, packages_select_build_failed=False, packages_skip_build_finished=False, packages_select_test_failures=False, packages_skip_test_passed=False, packages_select=None, packages_skip=None, packages_select_regex=None, packages_skip_regex=None, packages_start=None, packages_end=None, allow_overriding=[], cmake_args=None, cmake_target=None, cmake_target_skip_unavailable=False, cmake_clean_cache=False, cmake_clean_first=False, cmake_force_configure=False, ament_cmake_args=None, catkin_cmake_args=None, catkin_skip_building_tests=False, mixin_files=None, mixin=None, verb_parser=<colcon_mixin.mixin.mixin_argument.MixinArgumentDecorator object at 0x77702f551510>, verb_extension=<colcon_core.verb.build.BuildVerb object at 0x77702f6cac20>, main=<bound method BuildVerb.main of <colcon_core.verb.build.BuildVerb object at 0x77702f6cac20>>, mixin_verb=('build',))
[0.156s] Level 1:colcon.colcon_core.package_discovery:discover_packages(colcon_meta) check parameters
[0.156s] Level 1:colcon.colcon_core.package_discovery:discover_packages(recursive) check parameters
[0.156s] Level 1:colcon.colcon_core.package_discovery:discover_packages(ignore) check parameters
[0.156s] Level 1:colcon.colcon_core.package_discovery:discover_packages(path) check parameters
[0.156s] Level 1:colcon.colcon_core.package_discovery:discover_packages(colcon_meta) discover
[0.157s] Level 1:colcon.colcon_core.package_discovery:discover_packages(recursive) discover
[0.157s] INFO:colcon.colcon_core.package_discovery:Crawling recursively for packages in '/home/seokhwan/ndt_ws'
[0.157s] Level 1:colcon.colcon_core.package_identification:_identify(.) by extensions ['ignore', 'ignore_ament_install']
[0.157s] Level 1:colcon.colcon_core.package_identification:_identify(.) by extension 'ignore'
[0.157s] Level 1:colcon.colcon_core.package_identification:_identify(.) by extension 'ignore_ament_install'
[0.157s] Level 1:colcon.colcon_core.package_identification:_identify(.) by extensions ['colcon_pkg']
[0.157s] Level 1:colcon.colcon_core.package_identification:_identify(.) by extension 'colcon_pkg'
[0.157s] Level 1:colcon.colcon_core.package_identification:_identify(.) by extensions ['colcon_meta']
[0.157s] Level 1:colcon.colcon_core.package_identification:_identify(.) by extension 'colcon_meta'
[0.157s] Level 1:colcon.colcon_core.package_identification:_identify(.) by extensions ['ros']
[0.157s] Level 1:colcon.colcon_core.package_identification:_identify(.) by extension 'ros'
[0.181s] Level 1:colcon.colcon_core.package_identification:_identify(.) by extensions ['cmake', 'python']
[0.181s] Level 1:colcon.colcon_core.package_identification:_identify(.) by extension 'cmake'
[0.181s] Level 1:colcon.colcon_core.package_identification:_identify(.) by extension 'python'
[0.181s] Level 1:colcon.colcon_core.package_identification:_identify(.) by extensions ['python_setup_py']
[0.181s] Level 1:colcon.colcon_core.package_identification:_identify(.) by extension 'python_setup_py'
[0.181s] Level 1:colcon.colcon_core.package_identification:_identify(build) by extensions ['ignore', 'ignore_ament_install']
[0.181s] Level 1:colcon.colcon_core.package_identification:_identify(build) by extension 'ignore'
[0.181s] Level 1:colcon.colcon_core.package_identification:_identify(build) ignored
[0.181s] Level 1:colcon.colcon_core.package_identification:_identify(install) by extensions ['ignore', 'ignore_ament_install']
[0.181s] Level 1:colcon.colcon_core.package_identification:_identify(install) by extension 'ignore'
[0.181s] Level 1:colcon.colcon_core.package_identification:_identify(install) ignored
[0.182s] Level 1:colcon.colcon_core.package_identification:_identify(log) by extensions ['ignore', 'ignore_ament_install']
[0.182s] Level 1:colcon.colcon_core.package_identification:_identify(log) by extension 'ignore'
[0.182s] Level 1:colcon.colcon_core.package_identification:_identify(log) ignored
[0.182s] Level 1:colcon.colcon_core.package_identification:_identify(src) by extensions ['ignore', 'ignore_ament_install']
[0.182s] Level 1:colcon.colcon_core.package_identification:_identify(src) by extension 'ignore'
[0.182s] Level 1:colcon.colcon_core.package_identification:_identify(src) by extension 'ignore_ament_install'
[0.182s] Level 1:colcon.colcon_core.package_identification:_identify(src) by extensions ['colcon_pkg']
[0.182s] Level 1:colcon.colcon_core.package_identification:_identify(src) by extension 'colcon_pkg'
[0.182s] Level 1:colcon.colcon_core.package_identification:_identify(src) by extensions ['colcon_meta']
[0.182s] Level 1:colcon.colcon_core.package_identification:_identify(src) by extension 'colcon_meta'
[0.182s] Level 1:colcon.colcon_core.package_identification:_identify(src) by extensions ['ros']
[0.182s] Level 1:colcon.colcon_core.package_identification:_identify(src) by extension 'ros'
[0.182s] Level 1:colcon.colcon_core.package_identification:_identify(src) by extensions ['cmake', 'python']
[0.182s] Level 1:colcon.colcon_core.package_identification:_identify(src) by extension 'cmake'
[0.182s] Level 1:colcon.colcon_core.package_identification:_identify(src) by extension 'python'
[0.182s] Level 1:colcon.colcon_core.package_identification:_identify(src) by extensions ['python_setup_py']
[0.182s] Level 1:colcon.colcon_core.package_identification:_identify(src) by extension 'python_setup_py'
[0.182s] Level 1:colcon.colcon_core.package_identification:_identify(src/ndt_localization) by extensions ['ignore', 'ignore_ament_install']
[0.182s] Level 1:colcon.colcon_core.package_identification:_identify(src/ndt_localization) by extension 'ignore'
[0.182s] Level 1:colcon.colcon_core.package_identification:_identify(src/ndt_localization) by extension 'ignore_ament_install'
[0.182s] Level 1:colcon.colcon_core.package_identification:_identify(src/ndt_localization) by extensions ['colcon_pkg']
[0.182s] Level 1:colcon.colcon_core.package_identification:_identify(src/ndt_localization) by extension 'colcon_pkg'
[0.182s] Level 1:colcon.colcon_core.package_identification:_identify(src/ndt_localization) by extensions ['colcon_meta']
[0.182s] Level 1:colcon.colcon_core.package_identification:_identify(src/ndt_localization) by extension 'colcon_meta'
[0.182s] Level 1:colcon.colcon_core.package_identification:_identify(src/ndt_localization) by extensions ['ros']
[0.182s] Level 1:colcon.colcon_core.package_identification:_identify(src/ndt_localization) by extension 'ros'
[0.184s] DEBUG:colcon.colcon_core.package_identification:Package 'src/ndt_localization' with type 'ros.ament_cmake' and name 'ndt_localization'
[0.184s] Level 1:colcon.colcon_core.package_discovery:discover_packages(recursive) using defaults
[0.184s] Level 1:colcon.colcon_core.package_discovery:discover_packages(ignore) discover
[0.184s] Level 1:colcon.colcon_core.package_discovery:discover_packages(ignore) using defaults
[0.184s] Level 1:colcon.colcon_core.package_discovery:discover_packages(path) discover
[0.184s] Level 1:colcon.colcon_core.package_discovery:discover_packages(path) using defaults
[0.196s] Level 1:colcon.colcon_core.package_discovery:discover_packages(prefix_path) check parameters
[0.196s] Level 1:colcon.colcon_core.package_discovery:discover_packages(prefix_path) discover
[0.197s] DEBUG:colcon.colcon_installed_package_information.package_discovery:Found 1 installed packages in /home/seokhwan/ndt_ws/install
[0.197s] DEBUG:colcon.colcon_installed_package_information.package_discovery:Found 2 installed packages in /home/seokhwan/LiDAR_ws/install
[0.198s] DEBUG:colcon.colcon_installed_package_information.package_discovery:Found 219 installed packages in /opt/ros/humble
[0.199s] Level 1:colcon.colcon_core.package_discovery:discover_packages(prefix_path) using defaults
[0.214s] Level 5:colcon.colcon_core.verb:set package 'ndt_localization' build argument 'cmake_args' from command line to 'None'
[0.214s] Level 5:colcon.colcon_core.verb:set package 'ndt_localization' build argument 'cmake_target' from command line to 'None'
[0.214s] Level 5:colcon.colcon_core.verb:set package 'ndt_localization' build argument 'cmake_target_skip_unavailable' from command line to 'False'
[0.214s] Level 5:colcon.colcon_core.verb:set package 'ndt_localization' build argument 'cmake_clean_cache' from command line to 'False'
[0.214s] Level 5:colcon.colcon_core.verb:set package 'ndt_localization' build argument 'cmake_clean_first' from command line to 'False'
[0.214s] Level 5:colcon.colcon_core.verb:set package 'ndt_localization' build argument 'cmake_force_configure' from command line to 'False'
[0.214s] Level 5:colcon.colcon_core.verb:set package 'ndt_localization' build argument 'ament_cmake_args' from command line to 'None'
[0.214s] Level 5:colcon.colcon_core.verb:set package 'ndt_localization' build argument 'catkin_cmake_args' from command line to 'None'
[0.214s] Level 5:colcon.colcon_core.verb:set package 'ndt_localization' build argument 'catkin_skip_building_tests' from command line to 'False'
[0.214s] DEBUG:colcon.colcon_core.verb:Building package 'ndt_localization' with the following arguments: {'ament_cmake_args': None, 'build_base': '/home/seokhwan/ndt_ws/build/ndt_localization', 'catkin_cmake_args': None, 'catkin_skip_building_tests': False, 'cmake_args': None, 'cmake_clean_cache': False, 'cmake_clean_first': False, 'cmake_force_configure': False, 'cmake_target': None, 'cmake_target_skip_unavailable': False, 'install_base': '/home/seokhwan/ndt_ws/install/ndt_localization', 'merge_install': False, 'path': '/home/seokhwan/ndt_ws/src/ndt_localization', 'symlink_install': False, 'test_result_base': None}
[0.214s] INFO:colcon.colcon_core.executor:Executing jobs using 'parallel' executor
[0.215s] DEBUG:colcon.colcon_parallel_executor.executor.parallel:run_until_complete
[0.215s] INFO:colcon.colcon_ros.task.ament_cmake.build:Building ROS package in '/home/seokhwan/ndt_ws/src/ndt_localization' with build type 'ament_cmake'
[0.215s] INFO:colcon.colcon_cmake.task.cmake.build:Building CMake package in '/home/seokhwan/ndt_ws/src/ndt_localization'
[0.216s] INFO:colcon.colcon_core.plugin_system:Skipping extension 'colcon_core.shell.bat': Not used on non-Windows systems
[0.216s] INFO:colcon.colcon_core.shell:Skip shell extension 'powershell' for command environment: Not usable outside of PowerShell
[0.216s] DEBUG:colcon.colcon_core.shell:Skip shell extension 'dsv' for command environment
[0.221s] DEBUG:colcon.colcon_core.event_handler.log_command:Invoking command in '/home/seokhwan/ndt_ws/build/ndt_localization': CMAKE_PREFIX_PATH=${CMAKE_PREFIX_PATH}:/opt/ros/humble /usr/bin/cmake --build /home/seokhwan/ndt_ws/build/ndt_localization -- -j12 -l12
[15.589s] DEBUG:colcon.colcon_core.event_handler.log_command:Invoked command in '/home/seokhwan/ndt_ws/build/ndt_localization' returned '0': CMAKE_PREFIX_PATH=${CMAKE_PREFIX_PATH}:/opt/ros/humble /usr/bin/cmake --build /home/seokhwan/ndt_ws/build/ndt_localization -- -j12 -l12
[15.595s] DEBUG:colcon.colcon_core.event_handler.log_command:Invoking command in '/home/seokhwan/ndt_ws/build/ndt_localization': CMAKE_PREFIX_PATH=${CMAKE_PREFIX_PATH}:/opt/ros/humble /usr/bin/cmake --install /home/seokhwan/ndt_ws/build/ndt_localization
[15.604s] Level 1:colcon.colcon_core.environment:create_environment_scripts_only(ndt_localization)
[15.605s] DEBUG:colcon.colcon_core.event_handler.log_command:Invoked command in '/home/seokhwan/ndt_ws/build/ndt_localization' returned '0': CMAKE_PREFIX_PATH=${CMAKE_PREFIX_PATH}:/opt/ros/humble /usr/bin/cmake --install /home/seokhwan/ndt_ws/build/ndt_localization
[15.606s] Level 1:colcon.colcon_core.environment:checking '/home/seokhwan/ndt_ws/install/ndt_localization' for CMake module files
[15.606s] Level 1:colcon.colcon_core.environment:checking '/home/seokhwan/ndt_ws/install/ndt_localization' for CMake config files
[15.607s] Level 1:colcon.colcon_core.shell:create_environment_hook('ndt_localization', 'cmake_prefix_path')
[15.607s] INFO:colcon.colcon_core.shell:Creating environment hook '/home/seokhwan/ndt_ws/install/ndt_localization/share/ndt_localization/hook/cmake_prefix_path.ps1'
[15.607s] INFO:colcon.colcon_core.shell:Creating environment descriptor '/home/seokhwan/ndt_ws/install/ndt_localization/share/ndt_localization/hook/cmake_prefix_path.dsv'
[15.608s] INFO:colcon.colcon_core.shell:Creating environment hook '/home/seokhwan/ndt_ws/install/ndt_localization/share/ndt_localization/hook/cmake_prefix_path.sh'
[15.608s] Level 1:colcon.colcon_core.environment:checking '/home/seokhwan/ndt_ws/install/ndt_localization/lib'
[15.609s] Level 1:colcon.colcon_core.environment:checking '/home/seokhwan/ndt_ws/install/ndt_localization/bin'
[15.609s] Level 1:colcon.colcon_core.environment:checking '/home/seokhwan/ndt_ws/install/ndt_localization/lib/pkgconfig/ndt_localization.pc'
[15.609s] Level 1:colcon.colcon_core.environment:checking '/home/seokhwan/ndt_ws/install/ndt_localization/lib/python3.10/site-packages'
[15.609s] Level 1:colcon.colcon_core.environment:checking '/home/seokhwan/ndt_ws/install/ndt_localization/bin'
[15.609s] INFO:colcon.colcon_core.shell:Creating package script '/home/seokhwan/ndt_ws/install/ndt_localization/share/ndt_localization/package.ps1'
[15.610s] INFO:colcon.colcon_core.shell:Creating package descriptor '/home/seokhwan/ndt_ws/install/ndt_localization/share/ndt_localization/package.dsv'
[15.611s] INFO:colcon.colcon_core.shell:Creating package script '/home/seokhwan/ndt_ws/install/ndt_localization/share/ndt_localization/package.sh'
[15.611s] INFO:colcon.colcon_core.shell:Creating package script '/home/seokhwan/ndt_ws/install/ndt_localization/share/ndt_localization/package.bash'
[15.612s] INFO:colcon.colcon_core.shell:Creating package script '/home/seokhwan/ndt_ws/install/ndt_localization/share/ndt_localization/package.zsh'
[15.612s] Level 1:colcon.colcon_core.environment:create_file_with_runtime_dependencies(/home/seokhwan/ndt_ws/install/ndt_localization/share/colcon-core/packages/ndt_localization)
[15.613s] Level 1:colcon.colcon_core.environment:create_environment_scripts_only(ndt_localization)
[15.613s] Level 1:colcon.colcon_core.environment:checking '/home/seokhwan/ndt_ws/install/ndt_localization' for CMake module files
[15.613s] Level 1:colcon.colcon_core.environment:checking '/home/seokhwan/ndt_ws/install/ndt_localization' for CMake config files
[15.614s] Level 1:colcon.colcon_core.shell:create_environment_hook('ndt_localization', 'cmake_prefix_path')
[15.614s] INFO:colcon.colcon_core.shell:Creating environment hook '/home/seokhwan/ndt_ws/install/ndt_localization/share/ndt_localization/hook/cmake_prefix_path.ps1'
[15.614s] INFO:colcon.colcon_core.shell:Creating environment descriptor '/home/seokhwan/ndt_ws/install/ndt_localization/share/ndt_localization/hook/cmake_prefix_path.dsv'
[15.614s] INFO:colcon.colcon_core.shell:Creating environment hook '/home/seokhwan/ndt_ws/install/ndt_localization/share/ndt_localization/hook/cmake_prefix_path.sh'
[15.615s] Level 1:colcon.colcon_core.environment:checking '/home/seokhwan/ndt_ws/install/ndt_localization/lib'
[15.615s] Level 1:colcon.colcon_core.environment:checking '/home/seokhwan/ndt_ws/install/ndt_localization/bin'
[15.615s] Level 1:colcon.colcon_core.environment:checking '/home/seokhwan/ndt_ws/install/ndt_localization/lib/pkgconfig/ndt_localization.pc'
[15.615s] Level 1:colcon.colcon_core.environment:checking '/home/seokhwan/ndt_ws/install/ndt_localization/lib/python3.10/site-packages'
[15.615s] Level 1:colcon.colcon_core.environment:checking '/home/seokhwan/ndt_ws/install/ndt_localization/bin'
[15.615s] INFO:colcon.colcon_core.shell:Creating package script '/home/seokhwan/ndt_ws/install/ndt_localization/share/ndt_localization/package.ps1'
[15.615s] INFO:colcon.colcon_core.shell:Creating package descriptor '/home/seokhwan/ndt_ws/install/ndt_localization/share/ndt_localization/package.dsv'
[15.616s] INFO:colcon.colcon_core.shell:Creating package script '/home/seokhwan/ndt_ws/install/ndt_localization/share/ndt_localization/package.sh'
[15.616s] INFO:colcon.colcon_core.shell:Creating package script '/home/seokhwan/ndt_ws/install/ndt_localization/share/ndt_localization/package.bash'
[15.616s] INFO:colcon.colcon_core.shell:Creating package script '/home/seokhwan/ndt_ws/install/ndt_localization/share/ndt_localization/package.zsh'
[15.616s] Level 1:colcon.colcon_core.environment:create_file_with_runtime_dependencies(/home/seokhwan/ndt_ws/install/ndt_localization/share/colcon-core/packages/ndt_localization)
[15.616s] DEBUG:colcon.colcon_parallel_executor.executor.parallel:closing loop
[15.616s] DEBUG:colcon.colcon_parallel_executor.executor.parallel:loop closed
[15.617s] DEBUG:colcon.colcon_parallel_executor.executor.parallel:run_until_complete finished with '0'
[15.617s] DEBUG:colcon.colcon_core.event_reactor:joining thread
[15.621s] INFO:colcon.colcon_core.plugin_system:Skipping extension 'colcon_notification.desktop_notification.terminal_notifier': Not used on non-Darwin systems
[15.621s] INFO:colcon.colcon_core.plugin_system:Skipping extension 'colcon_notification.desktop_notification.win32': Not used on non-Windows systems
[15.621s] INFO:colcon.colcon_notification.desktop_notification:Sending desktop notification using 'notify2'
[15.628s] DEBUG:colcon.colcon_core.event_reactor:joined thread
[15.628s] INFO:colcon.colcon_core.shell:Creating prefix script '/home/seokhwan/ndt_ws/install/local_setup.ps1'
[15.628s] INFO:colcon.colcon_core.shell:Creating prefix util module '/home/seokhwan/ndt_ws/install/_local_setup_util_ps1.py'
[15.629s] INFO:colcon.colcon_core.shell:Creating prefix chain script '/home/seokhwan/ndt_ws/install/setup.ps1'
[15.630s] INFO:colcon.colcon_core.shell:Creating prefix script '/home/seokhwan/ndt_ws/install/local_setup.sh'
[15.630s] INFO:colcon.colcon_core.shell:Creating prefix util module '/home/seokhwan/ndt_ws/install/_local_setup_util_sh.py'
[15.630s] INFO:colcon.colcon_core.shell:Creating prefix chain script '/home/seokhwan/ndt_ws/install/setup.sh'
[15.631s] INFO:colcon.colcon_core.shell:Creating prefix script '/home/seokhwan/ndt_ws/install/local_setup.bash'
[15.631s] INFO:colcon.colcon_core.shell:Creating prefix chain script '/home/seokhwan/ndt_ws/install/setup.bash'
[15.632s] INFO:colcon.colcon_core.shell:Creating prefix script '/home/seokhwan/ndt_ws/install/local_setup.zsh'
[15.632s] INFO:colcon.colcon_core.shell:Creating prefix chain script '/home/seokhwan/ndt_ws/install/setup.zsh'
